<?xml version="1.0" encoding="UTF-8" ?>
<testsuite tests="65" failures="2" name="testRunner.TestRun" time="0.032" errors="2" skipped="5">
  <properties>
[...]
</properties>
  <testcase classname="Scenario: Add a new customer" name="Given User launches chrome browser" time="0.003"/>
  <testcase classname="Scenario: Add a new customer" name="When User opens URL &quot;https://admin-demo.nopcommerce.com/admin&quot;" time="0"/>
  <testcase classname="Scenario: Add a new customer" name="And User enters Email as &quot;admin@yourstore.com&quot; and Password as &quot;admin&quot;" time="0"/>
  <testcase classname="Scenario: Add a new customer" name="And Click on Login" time="0"/>
  <testcase classname="Scenario: Add a new customer" name="Then User can view Dashboard" time="0"/>
  <testcase classname="Scenario: Add a new customer" name="When User clicks on customers menu" time="0"/>
  <testcase classname="Scenario: Add a new customer" name="And click on customers menu item" time="0"/>
  <testcase classname="Scenario: Add a new customer" name="And click on Add new button" time="0"/>
  <testcase classname="Scenario: Add a new customer" name="Then user can view new customer page" time="0"/>
  <testcase classname="Scenario: Add a new customer" name="When User enter customer info" time="0"/>
  <testcase classname="Scenario: Add a new customer" name="And click on Save button" time="0"/>
  <testcase classname="Scenario: Add a new customer" name="Then User can view confirmation message &quot;The new customer has been added successfully.&quot;" time="0"/>
  <testcase classname="Scenario: Add a new customer" name="And Close Browser" time="0"/>
  <testcase classname="Scenario: Add a new customer" name="Scenario: Add a new customer" time="0.001"/>
  <testcase classname="Scenario: Search Customer by email id" name="Given User launches chrome browser" time="0"/>
  <testcase classname="Scenario: Search Customer by email id" name="When User opens URL &quot;https://admin-demo.nopcommerce.com/admin&quot;" time="0"/>
  <testcase classname="Scenario: Search Customer by email id" name="And User enters Email as &quot;admin@yourstore.com&quot; and Password as &quot;admin&quot;" time="0"/>
  <testcase classname="Scenario: Search Customer by email id" name="And Click on Login" time="0"/>
  <testcase classname="Scenario: Search Customer by email id" name="Then User can view Dashboard" time="0"/>
  <testcase classname="Scenario: Search Customer by email id" name="When User clicks on customers menu" time="0"/>
  <testcase classname="Scenario: Search Customer by email id" name="And click on customers menu item" time="0"/>
  <testcase classname="Scenario: Search Customer by email id" name="And Enter customer email" time="0"/>
  <testcase classname="Scenario: Search Customer by email id" name="And Click Search button" time="0"/>
  <testcase classname="Scenario: Search Customer by email id" name="Then User should be found in Search table" time="0"/>
  <testcase classname="Scenario: Search Customer by email id" name="And Close Browser" time="0"/>
  <testcase classname="Scenario: Search Customer by email id" name="Scenario: Search Customer by email id" time="0.001"/>
  <testcase classname="Scenario: Search Customer by first name and last name" name="Given User launches chrome browser" time="0"/>
  <testcase classname="Scenario: Search Customer by first name and last name" name="When User opens URL &quot;https://admin-demo.nopcommerce.com/admin&quot;" time="0"/>
  <testcase classname="Scenario: Search Customer by first name and last name" name="And User enters Email as &quot;admin@yourstore.com&quot; and Password as &quot;admin&quot;" time="0"/>
  <testcase classname="Scenario: Search Customer by first name and last name" name="And Click on Login" time="0"/>
  <testcase classname="Scenario: Search Customer by first name and last name" name="Then User can view Dashboard" time="0"/>
  <testcase classname="Scenario: Search Customer by first name and last name" name="When User clicks on customers menu" time="0"/>
  <testcase classname="Scenario: Search Customer by first name and last name" name="And click on customers menu item" time="0"/>
  <testcase classname="Scenario: Search Customer by first name and last name" name="And Enter customer firstname and lastname" time="0"/>
  <testcase classname="Scenario: Search Customer by first name and last name" name="And Click Search button" time="0"/>
  <testcase classname="Scenario: Search Customer by first name and last name" name="Then User Name should be found in Search table" time="0"/>
  <testcase classname="Scenario: Search Customer by first name and last name" name="And Close Browser" time="0"/>
  <testcase classname="Scenario: Search Customer by first name and last name" name="Scenario: Search Customer by first name and last name" time="0.001"/>
  <testcase classname="Scenario: Successful login with vaid credentials" name="Given User launches chrome browser" time="0"/>
  <testcase classname="Scenario: Successful login with vaid credentials" name="When User opens URL &quot;https://admin-demo.nopcommerce.com/admin&quot;" time="0"/>
  <testcase classname="Scenario: Successful login with vaid credentials" name="And User enters Email as &quot;admin@yourstore.com&quot; and Password as &quot;admin&quot;" time="0"/>
  <testcase classname="Scenario: Successful login with vaid credentials" name="And Click on Login" time="0"/>
  <testcase classname="Scenario: Successful login with vaid credentials" name="Then Page title should be &quot;Dashboard / nopCommerce administration&quot;" time="0"/>
  <testcase classname="Scenario: Successful login with vaid credentials" name="When User clicks on Log out link" time="0"/>
  <testcase classname="Scenario: Successful login with vaid credentials" name="Then Page title should be &quot;Your store. Login&quot;" time="0"/>
  <testcase classname="Scenario: Successful login with vaid credentials" name="And Close Browser" time="0"/>
  <testcase classname="Scenario: Successful login with vaid credentials" name="Scenario: Successful login with vaid credentials" time="0.001"/>
  <testcase classname="| admin@yourstore.com | admin |" name="Given User launches chrome browser" time="0"/>
  <testcase classname="| admin@yourstore.com | admin |" name="When User opens URL &quot;https://admin-demo.nopcommerce.com/admin&quot;" time="0"/>
  <testcase classname="| admin@yourstore.com | admin |" name="And User enters Email as &quot;admin@yourstore.com&quot; and Password as &quot;admin&quot;" time="0"/>
  <testcase classname="| admin@yourstore.com | admin |" name="And Click on Login" time="0"/>
  <testcase classname="| admin@yourstore.com | admin |" name="Then Page title should be &quot;Dashboard / nopCommerce administration&quot;" time="0"/>
  <testcase classname="| admin@yourstore.com | admin |" name="When User clicks on Log out link" time="0.004">
    <error message="unknown error: Element &lt;a href=&quot;/logout&quot;&gt;...&lt;/a&gt; is not clickable at point (404, 25). Other element would receive the click: &lt;div id=&quot;ajaxBusy&quot; style=&quot;display: block;&quot;&gt;...&lt;/div&gt;
  (Session info: chrome=78.0.3904.97)
  (Driver info: chromedriver=2.44.609538 (b655c5a60b0b544917107a59d4153d4bf78e1b90),platform=Windows NT 10.0.18362 x86_64) (WARNING: The server did not provide any stacktrace information)
Command duration or timeout: 0 milliseconds
Build info: version: &apos;3.5.3&apos;, revision: &apos;a88d25fe6b&apos;, time: &apos;2017-08-29T12:42:44.417Z&apos;
System info: host: &apos;DESKTOP-RTF2S31&apos;, ip: &apos;192.168.0.25&apos;, os.name: &apos;Windows 10&apos;, os.arch: &apos;amd64&apos;, os.version: &apos;10.0&apos;, java.version: &apos;1.8.0_191&apos;
Driver info: org.openqa.selenium.chrome.ChromeDriver
Capabilities [{mobileEmulationEnabled=false, hasTouchScreen=false, platform=XP, acceptSslCerts=false, goog:chromeOptions={debuggerAddress=localhost:59653}, acceptInsecureCerts=false, webStorageEnabled=true, browserName=chrome, takesScreenshot=true, javascriptEnabled=true, platformName=XP, setWindowRect=true, unexpectedAlertBehaviour=ignore, applicationCacheEnabled=false, rotatable=false, networkConnectionEnabled=false, chrome={chromedriverVersion=2.44.609538 (b655c5a60b0b544917107a59d4153d4bf78e1b90), userDataDir=C:\WINDOWS\TEMP\scoped_dir13084_28970}, takesHeapSnapshot=true, unhandledPromptBehavior=ignore, pageLoadStrategy=normal, databaseEnabled=false, handlesAlerts=true, version=78.0.3904.97, browserConnectionEnabled=false, nativeEvents=true, locationContextEnabled=true, cssSelectorsEnabled=true}]
Session ID: cb3336b8d72e45fac71f69d313b2d666" type="org.openqa.selenium.WebDriverException">org.openqa.selenium.WebDriverException: unknown error: Element &lt;a href=&quot;/logout&quot;&gt;...&lt;/a&gt; is not clickable at point (404, 25). Other element would receive the click: &lt;div id=&quot;ajaxBusy&quot; style=&quot;display: block;&quot;&gt;...&lt;/div&gt;
  (Session info: chrome=78.0.3904.97)
  (Driver info: chromedriver=2.44.609538 (b655c5a60b0b544917107a59d4153d4bf78e1b90),platform=Windows NT 10.0.18362 x86_64) (WARNING: The server did not provide any stacktrace information)
Command duration or timeout: 0 milliseconds
Build info: version: &apos;3.5.3&apos;, revision: &apos;a88d25fe6b&apos;, time: &apos;2017-08-29T12:42:44.417Z&apos;
System info: host: &apos;DESKTOP-RTF2S31&apos;, ip: &apos;192.168.0.25&apos;, os.name: &apos;Windows 10&apos;, os.arch: &apos;amd64&apos;, os.version: &apos;10.0&apos;, java.version: &apos;1.8.0_191&apos;
Driver info: org.openqa.selenium.chrome.ChromeDriver
Capabilities [{mobileEmulationEnabled=false, hasTouchScreen=false, platform=XP, acceptSslCerts=false, goog:chromeOptions={debuggerAddress=localhost:59653}, acceptInsecureCerts=false, webStorageEnabled=true, browserName=chrome, takesScreenshot=true, javascriptEnabled=true, platformName=XP, setWindowRect=true, unexpectedAlertBehaviour=ignore, applicationCacheEnabled=false, rotatable=false, networkConnectionEnabled=false, chrome={chromedriverVersion=2.44.609538 (b655c5a60b0b544917107a59d4153d4bf78e1b90), userDataDir=C:\WINDOWS\TEMP\scoped_dir13084_28970}, takesHeapSnapshot=true, unhandledPromptBehavior=ignore, pageLoadStrategy=normal, databaseEnabled=false, handlesAlerts=true, version=78.0.3904.97, browserConnectionEnabled=false, nativeEvents=true, locationContextEnabled=true, cssSelectorsEnabled=true}]
Session ID: cb3336b8d72e45fac71f69d313b2d666
	at sun.reflect.NativeConstructorAccessorImpl.newInstance0(Native Method)
	at sun.reflect.NativeConstructorAccessorImpl.newInstance(NativeConstructorAccessorImpl.java:62)
	at sun.reflect.DelegatingConstructorAccessorImpl.newInstance(DelegatingConstructorAccessorImpl.java:45)
	at java.lang.reflect.Constructor.newInstance(Constructor.java:423)
	at org.openqa.selenium.remote.ErrorHandler.createThrowable(ErrorHandler.java:215)
	at org.openqa.selenium.remote.ErrorHandler.throwIfResponseFailed(ErrorHandler.java:167)
	at org.openqa.selenium.remote.http.JsonHttpResponseCodec.reconstructValue(JsonHttpResponseCodec.java:40)
	at org.openqa.selenium.remote.http.AbstractHttpResponseCodec.decode(AbstractHttpResponseCodec.java:82)
	at org.openqa.selenium.remote.http.AbstractHttpResponseCodec.decode(AbstractHttpResponseCodec.java:45)
	at org.openqa.selenium.remote.HttpCommandExecutor.execute(HttpCommandExecutor.java:164)
	at org.openqa.selenium.remote.service.DriverCommandExecutor.execute(DriverCommandExecutor.java:82)
	at org.openqa.selenium.remote.RemoteWebDriver.execute(RemoteWebDriver.java:646)
	at org.openqa.selenium.remote.RemoteWebElement.execute(RemoteWebElement.java:275)
	at org.openqa.selenium.remote.RemoteWebElement.click(RemoteWebElement.java:82)
	at sun.reflect.GeneratedMethodAccessor11.invoke(Unknown Source)
	at sun.reflect.DelegatingMethodAccessorImpl.invoke(DelegatingMethodAccessorImpl.java:43)
	at java.lang.reflect.Method.invoke(Method.java:498)
	at org.openqa.selenium.support.pagefactory.internal.LocatingElementHandler.invoke(LocatingElementHandler.java:51)
	at com.sun.proxy.$Proxy17.click(Unknown Source)
	at pageObjects.LoginPage.clickLogout(LoginPage.java:49)
	at stepDefinitions.LoginSteps.user_clicks_on_Log_out_link(LoginSteps.java:103)
	at ✽.When User clicks on Log out link(Login.feature:20)
</error>
  </testcase>
  <testcase classname="| admin@yourstore.com | admin |" name="| admin@yourstore.com | admin |" time="0.005">
    <error message="unknown error: Element &lt;a href=&quot;/logout&quot;&gt;...&lt;/a&gt; is not clickable at point (404, 25). Other element would receive the click: &lt;div id=&quot;ajaxBusy&quot; style=&quot;display: block;&quot;&gt;...&lt;/div&gt;
  (Session info: chrome=78.0.3904.97)
  (Driver info: chromedriver=2.44.609538 (b655c5a60b0b544917107a59d4153d4bf78e1b90),platform=Windows NT 10.0.18362 x86_64) (WARNING: The server did not provide any stacktrace information)
Command duration or timeout: 0 milliseconds
Build info: version: &apos;3.5.3&apos;, revision: &apos;a88d25fe6b&apos;, time: &apos;2017-08-29T12:42:44.417Z&apos;
System info: host: &apos;DESKTOP-RTF2S31&apos;, ip: &apos;192.168.0.25&apos;, os.name: &apos;Windows 10&apos;, os.arch: &apos;amd64&apos;, os.version: &apos;10.0&apos;, java.version: &apos;1.8.0_191&apos;
Driver info: org.openqa.selenium.chrome.ChromeDriver
Capabilities [{mobileEmulationEnabled=false, hasTouchScreen=false, platform=XP, acceptSslCerts=false, goog:chromeOptions={debuggerAddress=localhost:59653}, acceptInsecureCerts=false, webStorageEnabled=true, browserName=chrome, takesScreenshot=true, javascriptEnabled=true, platformName=XP, setWindowRect=true, unexpectedAlertBehaviour=ignore, applicationCacheEnabled=false, rotatable=false, networkConnectionEnabled=false, chrome={chromedriverVersion=2.44.609538 (b655c5a60b0b544917107a59d4153d4bf78e1b90), userDataDir=C:\WINDOWS\TEMP\scoped_dir13084_28970}, takesHeapSnapshot=true, unhandledPromptBehavior=ignore, pageLoadStrategy=normal, databaseEnabled=false, handlesAlerts=true, version=78.0.3904.97, browserConnectionEnabled=false, nativeEvents=true, locationContextEnabled=true, cssSelectorsEnabled=true}]
Session ID: cb3336b8d72e45fac71f69d313b2d666" type="org.openqa.selenium.WebDriverException">org.openqa.selenium.WebDriverException: unknown error: Element &lt;a href=&quot;/logout&quot;&gt;...&lt;/a&gt; is not clickable at point (404, 25). Other element would receive the click: &lt;div id=&quot;ajaxBusy&quot; style=&quot;display: block;&quot;&gt;...&lt;/div&gt;
  (Session info: chrome=78.0.3904.97)
  (Driver info: chromedriver=2.44.609538 (b655c5a60b0b544917107a59d4153d4bf78e1b90),platform=Windows NT 10.0.18362 x86_64) (WARNING: The server did not provide any stacktrace information)
Command duration or timeout: 0 milliseconds
Build info: version: &apos;3.5.3&apos;, revision: &apos;a88d25fe6b&apos;, time: &apos;2017-08-29T12:42:44.417Z&apos;
System info: host: &apos;DESKTOP-RTF2S31&apos;, ip: &apos;192.168.0.25&apos;, os.name: &apos;Windows 10&apos;, os.arch: &apos;amd64&apos;, os.version: &apos;10.0&apos;, java.version: &apos;1.8.0_191&apos;
Driver info: org.openqa.selenium.chrome.ChromeDriver
Capabilities [{mobileEmulationEnabled=false, hasTouchScreen=false, platform=XP, acceptSslCerts=false, goog:chromeOptions={debuggerAddress=localhost:59653}, acceptInsecureCerts=false, webStorageEnabled=true, browserName=chrome, takesScreenshot=true, javascriptEnabled=true, platformName=XP, setWindowRect=true, unexpectedAlertBehaviour=ignore, applicationCacheEnabled=false, rotatable=false, networkConnectionEnabled=false, chrome={chromedriverVersion=2.44.609538 (b655c5a60b0b544917107a59d4153d4bf78e1b90), userDataDir=C:\WINDOWS\TEMP\scoped_dir13084_28970}, takesHeapSnapshot=true, unhandledPromptBehavior=ignore, pageLoadStrategy=normal, databaseEnabled=false, handlesAlerts=true, version=78.0.3904.97, browserConnectionEnabled=false, nativeEvents=true, locationContextEnabled=true, cssSelectorsEnabled=true}]
Session ID: cb3336b8d72e45fac71f69d313b2d666
	at sun.reflect.NativeConstructorAccessorImpl.newInstance0(Native Method)
	at sun.reflect.NativeConstructorAccessorImpl.newInstance(NativeConstructorAccessorImpl.java:62)
	at sun.reflect.DelegatingConstructorAccessorImpl.newInstance(DelegatingConstructorAccessorImpl.java:45)
	at java.lang.reflect.Constructor.newInstance(Constructor.java:423)
	at org.openqa.selenium.remote.ErrorHandler.createThrowable(ErrorHandler.java:215)
	at org.openqa.selenium.remote.ErrorHandler.throwIfResponseFailed(ErrorHandler.java:167)
	at org.openqa.selenium.remote.http.JsonHttpResponseCodec.reconstructValue(JsonHttpResponseCodec.java:40)
	at org.openqa.selenium.remote.http.AbstractHttpResponseCodec.decode(AbstractHttpResponseCodec.java:82)
	at org.openqa.selenium.remote.http.AbstractHttpResponseCodec.decode(AbstractHttpResponseCodec.java:45)
	at org.openqa.selenium.remote.HttpCommandExecutor.execute(HttpCommandExecutor.java:164)
	at org.openqa.selenium.remote.service.DriverCommandExecutor.execute(DriverCommandExecutor.java:82)
	at org.openqa.selenium.remote.RemoteWebDriver.execute(RemoteWebDriver.java:646)
	at org.openqa.selenium.remote.RemoteWebElement.execute(RemoteWebElement.java:275)
	at org.openqa.selenium.remote.RemoteWebElement.click(RemoteWebElement.java:82)
	at sun.reflect.GeneratedMethodAccessor11.invoke(Unknown Source)
	at sun.reflect.DelegatingMethodAccessorImpl.invoke(DelegatingMethodAccessorImpl.java:43)
	at java.lang.reflect.Method.invoke(Method.java:498)
	at org.openqa.selenium.support.pagefactory.internal.LocatingElementHandler.invoke(LocatingElementHandler.java:51)
	at com.sun.proxy.$Proxy17.click(Unknown Source)
	at pageObjects.LoginPage.clickLogout(LoginPage.java:49)
	at stepDefinitions.LoginSteps.user_clicks_on_Log_out_link(LoginSteps.java:103)
	at ✽.When User clicks on Log out link(Login.feature:20)
</error>
  </testcase>
  <testcase classname="| admin@yourstore.com | admin |" name="Then Page title should be &quot;Your store. Login&quot;" time="0.005">
    <skipped/>
  </testcase>
  <testcase classname="| admin@yourstore.com | admin |" name="And Close Browser" time="0.006">
    <skipped/>
  </testcase>
  <testcase classname="| aa@aa.com | admin |" name="Given User launches chrome browser" time="0"/>
  <testcase classname="| aa@aa.com | admin |" name="When User opens URL &quot;https://admin-demo.nopcommerce.com/admin&quot;" time="0"/>
  <testcase classname="| aa@aa.com | admin |" name="And User enters Email as &quot;aa@aa.com&quot; and Password as &quot;admin&quot;" time="0"/>
  <testcase classname="| aa@aa.com | admin |" name="And Click on Login" time="0"/>
  <testcase classname="| aa@aa.com | admin |" name="Then Page title should be &quot;Dashboard / nopCommerce administration&quot;" time="0">
    <failure type="junit.framework.AssertionFailedError">junit.framework.AssertionFailedError
	at junit.framework.Assert.fail(Assert.java:55)
	at junit.framework.Assert.assertTrue(Assert.java:22)
	at junit.framework.Assert.assertTrue(Assert.java:31)
	at stepDefinitions.LoginSteps.page_title_should_be(LoginSteps.java:93)
	at ✽.Then Page title should be &quot;Dashboard / nopCommerce administration&quot;(Login.feature:19)
</failure>
    <system-out> INFO [main] (LoginSteps.java:92)- ******************Login Failed***************
</system-out>
  </testcase>
  <testcase classname="| aa@aa.com | admin |" name="| aa@aa.com | admin |" time="0">
    <failure type="junit.framework.AssertionFailedError">junit.framework.AssertionFailedError
	at junit.framework.Assert.fail(Assert.java:55)
	at junit.framework.Assert.assertTrue(Assert.java:22)
	at junit.framework.Assert.assertTrue(Assert.java:31)
	at stepDefinitions.LoginSteps.page_title_should_be(LoginSteps.java:93)
	at ✽.Then Page title should be &quot;Dashboard / nopCommerce administration&quot;(Login.feature:19)
</failure>
  </testcase>
  <testcase classname="| aa@aa.com | admin |" name="When User clicks on Log out link" time="0.001">
    <skipped/>
  </testcase>
  <testcase classname="| aa@aa.com | admin |" name="Then Page title should be &quot;Your store. Login&quot;" time="0.002">
    <skipped/>
  </testcase>
  <testcase classname="| aa@aa.com | admin |" name="And Close Browser" time="0.002">
    <skipped/>
  </testcase>
</testsuite>